The target system is: Arduino -  - 
The host system is: Linux - 5.4.0-117-generic - x86_64
Compiling the C compiler identification source file "CMakeCCompilerId.c" succeeded.
Compiler: /usr/bin/avr-gcc 
Build flags: 
Id flags:  

The output was:
0


Compilation of the C compiler identification source "CMakeCCompilerId.c" produced "a.out"

The C compiler identification is GNU, found in "/home/aldo/catkin_ws/build/trucky_arduino/firmware/CMakeFiles/3.10.2/CompilerIdC/a.out"

Compiling the CXX compiler identification source file "CMakeCXXCompilerId.cpp" succeeded.
Compiler: /usr/bin/avr-g++ 
Build flags: 
Id flags:  

The output was:
0


Compilation of the CXX compiler identification source "CMakeCXXCompilerId.cpp" produced "a.out"

The CXX compiler identification is GNU, found in "/home/aldo/catkin_ws/build/trucky_arduino/firmware/CMakeFiles/3.10.2/CompilerIdCXX/a.out"

Determining if the C compiler works passed with the following output:
Change Dir: /home/aldo/catkin_ws/build/trucky_arduino/firmware/CMakeFiles/CMakeTmp

Run Build Command:"/usr/bin/make" "cmTC_22dd3/fast"
make[4]: Entering directory '/home/aldo/catkin_ws/build/trucky_arduino/firmware/CMakeFiles/CMakeTmp'
/usr/bin/make -f CMakeFiles/cmTC_22dd3.dir/build.make CMakeFiles/cmTC_22dd3.dir/build
make[5]: Entering directory '/home/aldo/catkin_ws/build/trucky_arduino/firmware/CMakeFiles/CMakeTmp'
Building C object CMakeFiles/cmTC_22dd3.dir/testCCompiler.c.obj
/usr/bin/avr-gcc   -g -Os       -mcall-prologues -ffunction-sections -fdata-sections    -o CMakeFiles/cmTC_22dd3.dir/testCCompiler.c.obj   -c /home/aldo/catkin_ws/build/trucky_arduino/firmware/CMakeFiles/CMakeTmp/testCCompiler.c
Linking C executable cmTC_22dd3
/usr/local/bin/cmake -E cmake_link_script CMakeFiles/cmTC_22dd3.dir/link.txt --verbose=1
/usr/bin/avr-gcc -g -Os       -mcall-prologues -ffunction-sections -fdata-sections   -Wl,--gc-sections -lm  CMakeFiles/cmTC_22dd3.dir/testCCompiler.c.obj  -o cmTC_22dd3 
make[5]: Leaving directory '/home/aldo/catkin_ws/build/trucky_arduino/firmware/CMakeFiles/CMakeTmp'
make[4]: Leaving directory '/home/aldo/catkin_ws/build/trucky_arduino/firmware/CMakeFiles/CMakeTmp'


Detecting C compiler ABI info compiled with the following output:
Change Dir: /home/aldo/catkin_ws/build/trucky_arduino/firmware/CMakeFiles/CMakeTmp

Run Build Command:"/usr/bin/make" "cmTC_87f11/fast"
make[4]: Entering directory '/home/aldo/catkin_ws/build/trucky_arduino/firmware/CMakeFiles/CMakeTmp'
/usr/bin/make -f CMakeFiles/cmTC_87f11.dir/build.make CMakeFiles/cmTC_87f11.dir/build
make[5]: Entering directory '/home/aldo/catkin_ws/build/trucky_arduino/firmware/CMakeFiles/CMakeTmp'
Building C object CMakeFiles/cmTC_87f11.dir/CMakeCCompilerABI.c.obj
/usr/bin/avr-gcc   -g -Os       -mcall-prologues -ffunction-sections -fdata-sections    -o CMakeFiles/cmTC_87f11.dir/CMakeCCompilerABI.c.obj   -c /usr/local/share/cmake-3.10/Modules/CMakeCCompilerABI.c
Linking C executable cmTC_87f11
/usr/local/bin/cmake -E cmake_link_script CMakeFiles/cmTC_87f11.dir/link.txt --verbose=1
/usr/bin/avr-gcc -g -Os       -mcall-prologues -ffunction-sections -fdata-sections   -Wl,--gc-sections -lm -v CMakeFiles/cmTC_87f11.dir/CMakeCCompilerABI.c.obj  -o cmTC_87f11 
Using built-in specs.
Reading specs from /usr/lib/gcc/avr/5.4.0/device-specs/specs-avr2
COLLECT_GCC=/usr/bin/avr-gcc
COLLECT_LTO_WRAPPER=/usr/lib/gcc/avr/5.4.0/lto-wrapper
Target: avr
Configured with: ../gcc/configure -v --enable-languages=c,c++ --prefix=/usr/lib --infodir=/usr/share/info --mandir=/usr/share/man --bindir=/usr/bin --libexecdir=/usr/lib --libdir=/usr/lib --enable-shared --with-system-zlib --enable-long-long --enable-nls --without-included-gettext --disable-libssp --build=x86_64-linux-gnu --host=x86_64-linux-gnu --target=avr CFLAGS='-g -O2 -fdebug-prefix-map=/build/gcc-avr-n0nSsH/gcc-avr-5.4.0+Atmel3.6.0=. -fstack-protector-strong -Wformat ' CPPFLAGS='-Wdate-time -D_FORTIFY_SOURCE=2' CXXFLAGS='-g -O2 -fdebug-prefix-map=/build/gcc-avr-n0nSsH/gcc-avr-5.4.0+Atmel3.6.0=. -fstack-protector-strong -Wformat ' FCFLAGS='-g -O2 -fdebug-prefix-map=/build/gcc-avr-n0nSsH/gcc-avr-5.4.0+Atmel3.6.0=. -fstack-protector-strong' FFLAGS='-g -O2 -fdebug-prefix-map=/build/gcc-avr-n0nSsH/gcc-avr-5.4.0+Atmel3.6.0=. -fstack-protector-strong' GCJFLAGS='-g -O2 -fdebug-prefix-map=/build/gcc-avr-n0nSsH/gcc-avr-5.4.0+Atmel3.6.0=. -fstack-protector-strong' LDFLAGS='-Wl,-Bsymbolic-functions -Wl,-z,relro' OBJCFLAGS='-g -O2 -fdebug-prefix-map=/build/gcc-avr-n0nSsH/gcc-avr-5.4.0+Atmel3.6.0=. -fstack-protector-strong -Wformat ' OBJCXXFLAGS='-g -O2 -fdebug-prefix-map=/build/gcc-avr-n0nSsH/gcc-avr-5.4.0+Atmel3.6.0=. -fstack-protector-strong -Wformat '
Thread model: single
gcc version 5.4.0 (GCC) 
COMPILER_PATH=/usr/lib/gcc/avr/5.4.0/:/usr/lib/gcc/avr/5.4.0/:/usr/lib/gcc/avr/:/usr/lib/gcc/avr/5.4.0/:/usr/lib/gcc/avr/:/usr/lib/gcc/avr/5.4.0/../../../avr/bin/
LIBRARY_PATH=/usr/lib/gcc/avr/5.4.0/:/usr/lib/gcc/avr/5.4.0/../../../avr/lib/
COLLECT_GCC_OPTIONS='-g' '-Os' '-mcall-prologues' '-ffunction-sections' '-fdata-sections' '-v' '-o' 'cmTC_87f11' '-specs=device-specs/specs-avr2'
 /usr/lib/gcc/avr/5.4.0/collect2 -plugin /usr/lib/gcc/avr/5.4.0/liblto_plugin.so -plugin-opt=/usr/lib/gcc/avr/5.4.0/lto-wrapper -plugin-opt=-fresolution=/tmp/ccTMzi13.res -plugin-opt=-pass-through=-lgcc -plugin-opt=-pass-through=-lm -plugin-opt=-pass-through=-lc --pmem-wrap-around=8k -o cmTC_87f11 -L/usr/lib/gcc/avr/5.4.0 -L/usr/lib/gcc/avr/5.4.0/../../../avr/lib --gc-sections -lm CMakeFiles/cmTC_87f11.dir/CMakeCCompilerABI.c.obj --start-group -lgcc -lm -lc --end-group
make[5]: Leaving directory '/home/aldo/catkin_ws/build/trucky_arduino/firmware/CMakeFiles/CMakeTmp'
make[4]: Leaving directory '/home/aldo/catkin_ws/build/trucky_arduino/firmware/CMakeFiles/CMakeTmp'


Parsed C implicit link information from above output:
  link line regex: [^( *|.*[/\])(avr-ld|CMAKE_LINK_STARTFILE-NOTFOUND|([^/\]+-)?ld|collect2)[^/\]*( |$)]
  ignore line: [Change Dir: /home/aldo/catkin_ws/build/trucky_arduino/firmware/CMakeFiles/CMakeTmp]
  ignore line: []
  ignore line: [Run Build Command:"/usr/bin/make" "cmTC_87f11/fast"]
  ignore line: [make[4]: Entering directory '/home/aldo/catkin_ws/build/trucky_arduino/firmware/CMakeFiles/CMakeTmp']
  ignore line: [/usr/bin/make -f CMakeFiles/cmTC_87f11.dir/build.make CMakeFiles/cmTC_87f11.dir/build]
  ignore line: [make[5]: Entering directory '/home/aldo/catkin_ws/build/trucky_arduino/firmware/CMakeFiles/CMakeTmp']
  ignore line: [Building C object CMakeFiles/cmTC_87f11.dir/CMakeCCompilerABI.c.obj]
  ignore line: [/usr/bin/avr-gcc   -g -Os       -mcall-prologues -ffunction-sections -fdata-sections    -o CMakeFiles/cmTC_87f11.dir/CMakeCCompilerABI.c.obj   -c /usr/local/share/cmake-3.10/Modules/CMakeCCompilerABI.c]
  ignore line: [Linking C executable cmTC_87f11]
  ignore line: [/usr/local/bin/cmake -E cmake_link_script CMakeFiles/cmTC_87f11.dir/link.txt --verbose=1]
  ignore line: [/usr/bin/avr-gcc -g -Os       -mcall-prologues -ffunction-sections -fdata-sections   -Wl,--gc-sections -lm -v CMakeFiles/cmTC_87f11.dir/CMakeCCompilerABI.c.obj  -o cmTC_87f11 ]
  ignore line: [Using built-in specs.]
  ignore line: [Reading specs from /usr/lib/gcc/avr/5.4.0/device-specs/specs-avr2]
  ignore line: [COLLECT_GCC=/usr/bin/avr-gcc]
  ignore line: [COLLECT_LTO_WRAPPER=/usr/lib/gcc/avr/5.4.0/lto-wrapper]
  ignore line: [Target: avr]
  ignore line: [Configured with: ../gcc/configure -v --enable-languages=c,c++ --prefix=/usr/lib --infodir=/usr/share/info --mandir=/usr/share/man --bindir=/usr/bin --libexecdir=/usr/lib --libdir=/usr/lib --enable-shared --with-system-zlib --enable-long-long --enable-nls --without-included-gettext --disable-libssp --build=x86_64-linux-gnu --host=x86_64-linux-gnu --target=avr CFLAGS='-g -O2 -fdebug-prefix-map=/build/gcc-avr-n0nSsH/gcc-avr-5.4.0+Atmel3.6.0=. -fstack-protector-strong -Wformat ' CPPFLAGS='-Wdate-time -D_FORTIFY_SOURCE=2' CXXFLAGS='-g -O2 -fdebug-prefix-map=/build/gcc-avr-n0nSsH/gcc-avr-5.4.0+Atmel3.6.0=. -fstack-protector-strong -Wformat ' FCFLAGS='-g -O2 -fdebug-prefix-map=/build/gcc-avr-n0nSsH/gcc-avr-5.4.0+Atmel3.6.0=. -fstack-protector-strong' FFLAGS='-g -O2 -fdebug-prefix-map=/build/gcc-avr-n0nSsH/gcc-avr-5.4.0+Atmel3.6.0=. -fstack-protector-strong' GCJFLAGS='-g -O2 -fdebug-prefix-map=/build/gcc-avr-n0nSsH/gcc-avr-5.4.0+Atmel3.6.0=. -fstack-protector-strong' LDFLAGS='-Wl,-Bsymbolic-functions -Wl,-z,relro' OBJCFLAGS='-g -O2 -fdebug-prefix-map=/build/gcc-avr-n0nSsH/gcc-avr-5.4.0+Atmel3.6.0=. -fstack-protector-strong -Wformat ' OBJCXXFLAGS='-g -O2 -fdebug-prefix-map=/build/gcc-avr-n0nSsH/gcc-avr-5.4.0+Atmel3.6.0=. -fstack-protector-strong -Wformat ']
  ignore line: [Thread model: single]
  ignore line: [gcc version 5.4.0 (GCC) ]
  ignore line: [COMPILER_PATH=/usr/lib/gcc/avr/5.4.0/:/usr/lib/gcc/avr/5.4.0/:/usr/lib/gcc/avr/:/usr/lib/gcc/avr/5.4.0/:/usr/lib/gcc/avr/:/usr/lib/gcc/avr/5.4.0/../../../avr/bin/]
  ignore line: [LIBRARY_PATH=/usr/lib/gcc/avr/5.4.0/:/usr/lib/gcc/avr/5.4.0/../../../avr/lib/]
  ignore line: [COLLECT_GCC_OPTIONS='-g' '-Os' '-mcall-prologues' '-ffunction-sections' '-fdata-sections' '-v' '-o' 'cmTC_87f11' '-specs=device-specs/specs-avr2']
  link line: [ /usr/lib/gcc/avr/5.4.0/collect2 -plugin /usr/lib/gcc/avr/5.4.0/liblto_plugin.so -plugin-opt=/usr/lib/gcc/avr/5.4.0/lto-wrapper -plugin-opt=-fresolution=/tmp/ccTMzi13.res -plugin-opt=-pass-through=-lgcc -plugin-opt=-pass-through=-lm -plugin-opt=-pass-through=-lc --pmem-wrap-around=8k -o cmTC_87f11 -L/usr/lib/gcc/avr/5.4.0 -L/usr/lib/gcc/avr/5.4.0/../../../avr/lib --gc-sections -lm CMakeFiles/cmTC_87f11.dir/CMakeCCompilerABI.c.obj --start-group -lgcc -lm -lc --end-group]
    arg [/usr/lib/gcc/avr/5.4.0/collect2] ==> ignore
    arg [-plugin] ==> ignore
    arg [/usr/lib/gcc/avr/5.4.0/liblto_plugin.so] ==> ignore
    arg [-plugin-opt=/usr/lib/gcc/avr/5.4.0/lto-wrapper] ==> ignore
    arg [-plugin-opt=-fresolution=/tmp/ccTMzi13.res] ==> ignore
    arg [-plugin-opt=-pass-through=-lgcc] ==> ignore
    arg [-plugin-opt=-pass-through=-lm] ==> ignore
    arg [-plugin-opt=-pass-through=-lc] ==> ignore
    arg [--pmem-wrap-around=8k] ==> ignore
    arg [-o] ==> ignore
    arg [cmTC_87f11] ==> ignore
    arg [-L/usr/lib/gcc/avr/5.4.0] ==> dir [/usr/lib/gcc/avr/5.4.0]
    arg [-L/usr/lib/gcc/avr/5.4.0/../../../avr/lib] ==> dir [/usr/lib/gcc/avr/5.4.0/../../../avr/lib]
    arg [--gc-sections] ==> ignore
    arg [-lm] ==> lib [m]
    arg [CMakeFiles/cmTC_87f11.dir/CMakeCCompilerABI.c.obj] ==> ignore
    arg [--start-group] ==> ignore
    arg [-lgcc] ==> lib [gcc]
    arg [-lm] ==> lib [m]
    arg [-lc] ==> lib [c]
    arg [--end-group] ==> ignore
  collapse library dir [/usr/lib/gcc/avr/5.4.0] ==> [/usr/lib/gcc/avr/5.4.0]
  collapse library dir [/usr/lib/gcc/avr/5.4.0/../../../avr/lib] ==> [/usr/lib/avr/lib]
  implicit libs: [m;gcc;m;c]
  implicit dirs: [/usr/lib/gcc/avr/5.4.0;/usr/lib/avr/lib]
  implicit fwks: []




Detecting C [-std=c11] compiler features compiled with the following output:
Change Dir: /home/aldo/catkin_ws/build/trucky_arduino/firmware/CMakeFiles/CMakeTmp

Run Build Command:"/usr/bin/make" "cmTC_d739c/fast"
make[4]: Entering directory '/home/aldo/catkin_ws/build/trucky_arduino/firmware/CMakeFiles/CMakeTmp'
/usr/bin/make -f CMakeFiles/cmTC_d739c.dir/build.make CMakeFiles/cmTC_d739c.dir/build
make[5]: Entering directory '/home/aldo/catkin_ws/build/trucky_arduino/firmware/CMakeFiles/CMakeTmp'
Building C object CMakeFiles/cmTC_d739c.dir/feature_tests.c.obj
/usr/bin/avr-gcc   -g -Os       -mcall-prologues -ffunction-sections -fdata-sections    -std=c11 -o CMakeFiles/cmTC_d739c.dir/feature_tests.c.obj   -c /home/aldo/catkin_ws/build/trucky_arduino/firmware/CMakeFiles/feature_tests.c
Linking C executable cmTC_d739c
/usr/local/bin/cmake -E cmake_link_script CMakeFiles/cmTC_d739c.dir/link.txt --verbose=1
/usr/bin/avr-gcc -g -Os       -mcall-prologues -ffunction-sections -fdata-sections   -Wl,--gc-sections -lm  CMakeFiles/cmTC_d739c.dir/feature_tests.c.obj  -o cmTC_d739c 
make[5]: Leaving directory '/home/aldo/catkin_ws/build/trucky_arduino/firmware/CMakeFiles/CMakeTmp'
make[4]: Leaving directory '/home/aldo/catkin_ws/build/trucky_arduino/firmware/CMakeFiles/CMakeTmp'




Detecting C [-std=c99] compiler features compiled with the following output:
Change Dir: /home/aldo/catkin_ws/build/trucky_arduino/firmware/CMakeFiles/CMakeTmp

Run Build Command:"/usr/bin/make" "cmTC_b7e5f/fast"
make[4]: Entering directory '/home/aldo/catkin_ws/build/trucky_arduino/firmware/CMakeFiles/CMakeTmp'
/usr/bin/make -f CMakeFiles/cmTC_b7e5f.dir/build.make CMakeFiles/cmTC_b7e5f.dir/build
make[5]: Entering directory '/home/aldo/catkin_ws/build/trucky_arduino/firmware/CMakeFiles/CMakeTmp'
Building C object CMakeFiles/cmTC_b7e5f.dir/feature_tests.c.obj
/usr/bin/avr-gcc   -g -Os       -mcall-prologues -ffunction-sections -fdata-sections    -std=c99 -o CMakeFiles/cmTC_b7e5f.dir/feature_tests.c.obj   -c /home/aldo/catkin_ws/build/trucky_arduino/firmware/CMakeFiles/feature_tests.c
Linking C executable cmTC_b7e5f
/usr/local/bin/cmake -E cmake_link_script CMakeFiles/cmTC_b7e5f.dir/link.txt --verbose=1
/usr/bin/avr-gcc -g -Os       -mcall-prologues -ffunction-sections -fdata-sections   -Wl,--gc-sections -lm  CMakeFiles/cmTC_b7e5f.dir/feature_tests.c.obj  -o cmTC_b7e5f 
make[5]: Leaving directory '/home/aldo/catkin_ws/build/trucky_arduino/firmware/CMakeFiles/CMakeTmp'
make[4]: Leaving directory '/home/aldo/catkin_ws/build/trucky_arduino/firmware/CMakeFiles/CMakeTmp'




Detecting C [-std=c90] compiler features compiled with the following output:
Change Dir: /home/aldo/catkin_ws/build/trucky_arduino/firmware/CMakeFiles/CMakeTmp

Run Build Command:"/usr/bin/make" "cmTC_436b7/fast"
make[4]: Entering directory '/home/aldo/catkin_ws/build/trucky_arduino/firmware/CMakeFiles/CMakeTmp'
/usr/bin/make -f CMakeFiles/cmTC_436b7.dir/build.make CMakeFiles/cmTC_436b7.dir/build
make[5]: Entering directory '/home/aldo/catkin_ws/build/trucky_arduino/firmware/CMakeFiles/CMakeTmp'
Building C object CMakeFiles/cmTC_436b7.dir/feature_tests.c.obj
/usr/bin/avr-gcc   -g -Os       -mcall-prologues -ffunction-sections -fdata-sections    -std=c90 -o CMakeFiles/cmTC_436b7.dir/feature_tests.c.obj   -c /home/aldo/catkin_ws/build/trucky_arduino/firmware/CMakeFiles/feature_tests.c
Linking C executable cmTC_436b7
/usr/local/bin/cmake -E cmake_link_script CMakeFiles/cmTC_436b7.dir/link.txt --verbose=1
/usr/bin/avr-gcc -g -Os       -mcall-prologues -ffunction-sections -fdata-sections   -Wl,--gc-sections -lm  CMakeFiles/cmTC_436b7.dir/feature_tests.c.obj  -o cmTC_436b7 
make[5]: Leaving directory '/home/aldo/catkin_ws/build/trucky_arduino/firmware/CMakeFiles/CMakeTmp'
make[4]: Leaving directory '/home/aldo/catkin_ws/build/trucky_arduino/firmware/CMakeFiles/CMakeTmp'


Determining if the CXX compiler works passed with the following output:
Change Dir: /home/aldo/catkin_ws/build/trucky_arduino/firmware/CMakeFiles/CMakeTmp

Run Build Command:"/usr/bin/make" "cmTC_955c8/fast"
make[4]: Entering directory '/home/aldo/catkin_ws/build/trucky_arduino/firmware/CMakeFiles/CMakeTmp'
/usr/bin/make -f CMakeFiles/cmTC_955c8.dir/build.make CMakeFiles/cmTC_955c8.dir/build
make[5]: Entering directory '/home/aldo/catkin_ws/build/trucky_arduino/firmware/CMakeFiles/CMakeTmp'
Building CXX object CMakeFiles/cmTC_955c8.dir/testCXXCompiler.cxx.obj
/usr/bin/avr-g++    -g -Os       -mcall-prologues -ffunction-sections -fdata-sections -fno-exceptions    -o CMakeFiles/cmTC_955c8.dir/testCXXCompiler.cxx.obj -c /home/aldo/catkin_ws/build/trucky_arduino/firmware/CMakeFiles/CMakeTmp/testCXXCompiler.cxx
Linking CXX executable cmTC_955c8
/usr/local/bin/cmake -E cmake_link_script CMakeFiles/cmTC_955c8.dir/link.txt --verbose=1
/usr/bin/avr-g++  -g -Os       -mcall-prologues -ffunction-sections -fdata-sections -fno-exceptions   -Wl,--gc-sections -lm  CMakeFiles/cmTC_955c8.dir/testCXXCompiler.cxx.obj  -o cmTC_955c8 
make[5]: Leaving directory '/home/aldo/catkin_ws/build/trucky_arduino/firmware/CMakeFiles/CMakeTmp'
make[4]: Leaving directory '/home/aldo/catkin_ws/build/trucky_arduino/firmware/CMakeFiles/CMakeTmp'


Detecting CXX compiler ABI info compiled with the following output:
Change Dir: /home/aldo/catkin_ws/build/trucky_arduino/firmware/CMakeFiles/CMakeTmp

Run Build Command:"/usr/bin/make" "cmTC_e25cf/fast"
make[4]: Entering directory '/home/aldo/catkin_ws/build/trucky_arduino/firmware/CMakeFiles/CMakeTmp'
/usr/bin/make -f CMakeFiles/cmTC_e25cf.dir/build.make CMakeFiles/cmTC_e25cf.dir/build
make[5]: Entering directory '/home/aldo/catkin_ws/build/trucky_arduino/firmware/CMakeFiles/CMakeTmp'
Building CXX object CMakeFiles/cmTC_e25cf.dir/CMakeCXXCompilerABI.cpp.obj
/usr/bin/avr-g++    -g -Os       -mcall-prologues -ffunction-sections -fdata-sections -fno-exceptions    -o CMakeFiles/cmTC_e25cf.dir/CMakeCXXCompilerABI.cpp.obj -c /usr/local/share/cmake-3.10/Modules/CMakeCXXCompilerABI.cpp
Linking CXX executable cmTC_e25cf
/usr/local/bin/cmake -E cmake_link_script CMakeFiles/cmTC_e25cf.dir/link.txt --verbose=1
/usr/bin/avr-g++  -g -Os       -mcall-prologues -ffunction-sections -fdata-sections -fno-exceptions   -Wl,--gc-sections -lm -v CMakeFiles/cmTC_e25cf.dir/CMakeCXXCompilerABI.cpp.obj  -o cmTC_e25cf 
Using built-in specs.
Reading specs from /usr/lib/gcc/avr/5.4.0/device-specs/specs-avr2
COLLECT_GCC=/usr/bin/avr-g++
COLLECT_LTO_WRAPPER=/usr/lib/gcc/avr/5.4.0/lto-wrapper
Target: avr
Configured with: ../gcc/configure -v --enable-languages=c,c++ --prefix=/usr/lib --infodir=/usr/share/info --mandir=/usr/share/man --bindir=/usr/bin --libexecdir=/usr/lib --libdir=/usr/lib --enable-shared --with-system-zlib --enable-long-long --enable-nls --without-included-gettext --disable-libssp --build=x86_64-linux-gnu --host=x86_64-linux-gnu --target=avr CFLAGS='-g -O2 -fdebug-prefix-map=/build/gcc-avr-n0nSsH/gcc-avr-5.4.0+Atmel3.6.0=. -fstack-protector-strong -Wformat ' CPPFLAGS='-Wdate-time -D_FORTIFY_SOURCE=2' CXXFLAGS='-g -O2 -fdebug-prefix-map=/build/gcc-avr-n0nSsH/gcc-avr-5.4.0+Atmel3.6.0=. -fstack-protector-strong -Wformat ' FCFLAGS='-g -O2 -fdebug-prefix-map=/build/gcc-avr-n0nSsH/gcc-avr-5.4.0+Atmel3.6.0=. -fstack-protector-strong' FFLAGS='-g -O2 -fdebug-prefix-map=/build/gcc-avr-n0nSsH/gcc-avr-5.4.0+Atmel3.6.0=. -fstack-protector-strong' GCJFLAGS='-g -O2 -fdebug-prefix-map=/build/gcc-avr-n0nSsH/gcc-avr-5.4.0+Atmel3.6.0=. -fstack-protector-strong' LDFLAGS='-Wl,-Bsymbolic-functions -Wl,-z,relro' OBJCFLAGS='-g -O2 -fdebug-prefix-map=/build/gcc-avr-n0nSsH/gcc-avr-5.4.0+Atmel3.6.0=. -fstack-protector-strong -Wformat ' OBJCXXFLAGS='-g -O2 -fdebug-prefix-map=/build/gcc-avr-n0nSsH/gcc-avr-5.4.0+Atmel3.6.0=. -fstack-protector-strong -Wformat '
Thread model: single
gcc version 5.4.0 (GCC) 
COMPILER_PATH=/usr/lib/gcc/avr/5.4.0/:/usr/lib/gcc/avr/5.4.0/:/usr/lib/gcc/avr/:/usr/lib/gcc/avr/5.4.0/:/usr/lib/gcc/avr/:/usr/lib/gcc/avr/5.4.0/../../../avr/bin/
LIBRARY_PATH=/usr/lib/gcc/avr/5.4.0/:/usr/lib/gcc/avr/5.4.0/../../../avr/lib/
COLLECT_GCC_OPTIONS='-g' '-Os' '-mcall-prologues' '-ffunction-sections' '-fdata-sections' '-fno-exceptions' '-v' '-o' 'cmTC_e25cf' '-specs=device-specs/specs-avr2'
 /usr/lib/gcc/avr/5.4.0/collect2 -plugin /usr/lib/gcc/avr/5.4.0/liblto_plugin.so -plugin-opt=/usr/lib/gcc/avr/5.4.0/lto-wrapper -plugin-opt=-fresolution=/tmp/ccO7S5eW.res -plugin-opt=-pass-through=-lgcc -plugin-opt=-pass-through=-lm -plugin-opt=-pass-through=-lc --pmem-wrap-around=8k -o cmTC_e25cf -L/usr/lib/gcc/avr/5.4.0 -L/usr/lib/gcc/avr/5.4.0/../../../avr/lib --gc-sections CMakeFiles/cmTC_e25cf.dir/CMakeCXXCompilerABI.cpp.obj -lgcc -lm --start-group -lgcc -lm -lc --end-group
make[5]: Leaving directory '/home/aldo/catkin_ws/build/trucky_arduino/firmware/CMakeFiles/CMakeTmp'
make[4]: Leaving directory '/home/aldo/catkin_ws/build/trucky_arduino/firmware/CMakeFiles/CMakeTmp'


Parsed CXX implicit link information from above output:
  link line regex: [^( *|.*[/\])(avr-ld|CMAKE_LINK_STARTFILE-NOTFOUND|([^/\]+-)?ld|collect2)[^/\]*( |$)]
  ignore line: [Change Dir: /home/aldo/catkin_ws/build/trucky_arduino/firmware/CMakeFiles/CMakeTmp]
  ignore line: []
  ignore line: [Run Build Command:"/usr/bin/make" "cmTC_e25cf/fast"]
  ignore line: [make[4]: Entering directory '/home/aldo/catkin_ws/build/trucky_arduino/firmware/CMakeFiles/CMakeTmp']
  ignore line: [/usr/bin/make -f CMakeFiles/cmTC_e25cf.dir/build.make CMakeFiles/cmTC_e25cf.dir/build]
  ignore line: [make[5]: Entering directory '/home/aldo/catkin_ws/build/trucky_arduino/firmware/CMakeFiles/CMakeTmp']
  ignore line: [Building CXX object CMakeFiles/cmTC_e25cf.dir/CMakeCXXCompilerABI.cpp.obj]
  ignore line: [/usr/bin/avr-g++    -g -Os       -mcall-prologues -ffunction-sections -fdata-sections -fno-exceptions    -o CMakeFiles/cmTC_e25cf.dir/CMakeCXXCompilerABI.cpp.obj -c /usr/local/share/cmake-3.10/Modules/CMakeCXXCompilerABI.cpp]
  ignore line: [Linking CXX executable cmTC_e25cf]
  ignore line: [/usr/local/bin/cmake -E cmake_link_script CMakeFiles/cmTC_e25cf.dir/link.txt --verbose=1]
  ignore line: [/usr/bin/avr-g++  -g -Os       -mcall-prologues -ffunction-sections -fdata-sections -fno-exceptions   -Wl,--gc-sections -lm -v CMakeFiles/cmTC_e25cf.dir/CMakeCXXCompilerABI.cpp.obj  -o cmTC_e25cf ]
  ignore line: [Using built-in specs.]
  ignore line: [Reading specs from /usr/lib/gcc/avr/5.4.0/device-specs/specs-avr2]
  ignore line: [COLLECT_GCC=/usr/bin/avr-g++]
  ignore line: [COLLECT_LTO_WRAPPER=/usr/lib/gcc/avr/5.4.0/lto-wrapper]
  ignore line: [Target: avr]
  ignore line: [Configured with: ../gcc/configure -v --enable-languages=c,c++ --prefix=/usr/lib --infodir=/usr/share/info --mandir=/usr/share/man --bindir=/usr/bin --libexecdir=/usr/lib --libdir=/usr/lib --enable-shared --with-system-zlib --enable-long-long --enable-nls --without-included-gettext --disable-libssp --build=x86_64-linux-gnu --host=x86_64-linux-gnu --target=avr CFLAGS='-g -O2 -fdebug-prefix-map=/build/gcc-avr-n0nSsH/gcc-avr-5.4.0+Atmel3.6.0=. -fstack-protector-strong -Wformat ' CPPFLAGS='-Wdate-time -D_FORTIFY_SOURCE=2' CXXFLAGS='-g -O2 -fdebug-prefix-map=/build/gcc-avr-n0nSsH/gcc-avr-5.4.0+Atmel3.6.0=. -fstack-protector-strong -Wformat ' FCFLAGS='-g -O2 -fdebug-prefix-map=/build/gcc-avr-n0nSsH/gcc-avr-5.4.0+Atmel3.6.0=. -fstack-protector-strong' FFLAGS='-g -O2 -fdebug-prefix-map=/build/gcc-avr-n0nSsH/gcc-avr-5.4.0+Atmel3.6.0=. -fstack-protector-strong' GCJFLAGS='-g -O2 -fdebug-prefix-map=/build/gcc-avr-n0nSsH/gcc-avr-5.4.0+Atmel3.6.0=. -fstack-protector-strong' LDFLAGS='-Wl,-Bsymbolic-functions -Wl,-z,relro' OBJCFLAGS='-g -O2 -fdebug-prefix-map=/build/gcc-avr-n0nSsH/gcc-avr-5.4.0+Atmel3.6.0=. -fstack-protector-strong -Wformat ' OBJCXXFLAGS='-g -O2 -fdebug-prefix-map=/build/gcc-avr-n0nSsH/gcc-avr-5.4.0+Atmel3.6.0=. -fstack-protector-strong -Wformat ']
  ignore line: [Thread model: single]
  ignore line: [gcc version 5.4.0 (GCC) ]
  ignore line: [COMPILER_PATH=/usr/lib/gcc/avr/5.4.0/:/usr/lib/gcc/avr/5.4.0/:/usr/lib/gcc/avr/:/usr/lib/gcc/avr/5.4.0/:/usr/lib/gcc/avr/:/usr/lib/gcc/avr/5.4.0/../../../avr/bin/]
  ignore line: [LIBRARY_PATH=/usr/lib/gcc/avr/5.4.0/:/usr/lib/gcc/avr/5.4.0/../../../avr/lib/]
  ignore line: [COLLECT_GCC_OPTIONS='-g' '-Os' '-mcall-prologues' '-ffunction-sections' '-fdata-sections' '-fno-exceptions' '-v' '-o' 'cmTC_e25cf' '-specs=device-specs/specs-avr2']
  link line: [ /usr/lib/gcc/avr/5.4.0/collect2 -plugin /usr/lib/gcc/avr/5.4.0/liblto_plugin.so -plugin-opt=/usr/lib/gcc/avr/5.4.0/lto-wrapper -plugin-opt=-fresolution=/tmp/ccO7S5eW.res -plugin-opt=-pass-through=-lgcc -plugin-opt=-pass-through=-lm -plugin-opt=-pass-through=-lc --pmem-wrap-around=8k -o cmTC_e25cf -L/usr/lib/gcc/avr/5.4.0 -L/usr/lib/gcc/avr/5.4.0/../../../avr/lib --gc-sections CMakeFiles/cmTC_e25cf.dir/CMakeCXXCompilerABI.cpp.obj -lgcc -lm --start-group -lgcc -lm -lc --end-group]
    arg [/usr/lib/gcc/avr/5.4.0/collect2] ==> ignore
    arg [-plugin] ==> ignore
    arg [/usr/lib/gcc/avr/5.4.0/liblto_plugin.so] ==> ignore
    arg [-plugin-opt=/usr/lib/gcc/avr/5.4.0/lto-wrapper] ==> ignore
    arg [-plugin-opt=-fresolution=/tmp/ccO7S5eW.res] ==> ignore
    arg [-plugin-opt=-pass-through=-lgcc] ==> ignore
    arg [-plugin-opt=-pass-through=-lm] ==> ignore
    arg [-plugin-opt=-pass-through=-lc] ==> ignore
    arg [--pmem-wrap-around=8k] ==> ignore
    arg [-o] ==> ignore
    arg [cmTC_e25cf] ==> ignore
    arg [-L/usr/lib/gcc/avr/5.4.0] ==> dir [/usr/lib/gcc/avr/5.4.0]
    arg [-L/usr/lib/gcc/avr/5.4.0/../../../avr/lib] ==> dir [/usr/lib/gcc/avr/5.4.0/../../../avr/lib]
    arg [--gc-sections] ==> ignore
    arg [CMakeFiles/cmTC_e25cf.dir/CMakeCXXCompilerABI.cpp.obj] ==> ignore
    arg [-lgcc] ==> lib [gcc]
    arg [-lm] ==> lib [m]
    arg [--start-group] ==> ignore
    arg [-lgcc] ==> lib [gcc]
    arg [-lm] ==> lib [m]
    arg [-lc] ==> lib [c]
    arg [--end-group] ==> ignore
  collapse library dir [/usr/lib/gcc/avr/5.4.0] ==> [/usr/lib/gcc/avr/5.4.0]
  collapse library dir [/usr/lib/gcc/avr/5.4.0/../../../avr/lib] ==> [/usr/lib/avr/lib]
  implicit libs: [gcc;m;gcc;m;c]
  implicit dirs: [/usr/lib/gcc/avr/5.4.0;/usr/lib/avr/lib]
  implicit fwks: []




Detecting CXX [-std=c++1z] compiler features compiled with the following output:
Change Dir: /home/aldo/catkin_ws/build/trucky_arduino/firmware/CMakeFiles/CMakeTmp

Run Build Command:"/usr/bin/make" "cmTC_7b693/fast"
make[4]: Entering directory '/home/aldo/catkin_ws/build/trucky_arduino/firmware/CMakeFiles/CMakeTmp'
/usr/bin/make -f CMakeFiles/cmTC_7b693.dir/build.make CMakeFiles/cmTC_7b693.dir/build
make[5]: Entering directory '/home/aldo/catkin_ws/build/trucky_arduino/firmware/CMakeFiles/CMakeTmp'
Building CXX object CMakeFiles/cmTC_7b693.dir/feature_tests.cxx.obj
/usr/bin/avr-g++    -g -Os       -mcall-prologues -ffunction-sections -fdata-sections -fno-exceptions    -std=c++1z -o CMakeFiles/cmTC_7b693.dir/feature_tests.cxx.obj -c /home/aldo/catkin_ws/build/trucky_arduino/firmware/CMakeFiles/feature_tests.cxx
Linking CXX executable cmTC_7b693
/usr/local/bin/cmake -E cmake_link_script CMakeFiles/cmTC_7b693.dir/link.txt --verbose=1
/usr/bin/avr-g++  -g -Os       -mcall-prologues -ffunction-sections -fdata-sections -fno-exceptions   -Wl,--gc-sections -lm  CMakeFiles/cmTC_7b693.dir/feature_tests.cxx.obj  -o cmTC_7b693 
make[5]: Leaving directory '/home/aldo/catkin_ws/build/trucky_arduino/firmware/CMakeFiles/CMakeTmp'
make[4]: Leaving directory '/home/aldo/catkin_ws/build/trucky_arduino/firmware/CMakeFiles/CMakeTmp'




Detecting CXX [-std=c++14] compiler features compiled with the following output:
Change Dir: /home/aldo/catkin_ws/build/trucky_arduino/firmware/CMakeFiles/CMakeTmp

Run Build Command:"/usr/bin/make" "cmTC_57c16/fast"
make[4]: Entering directory '/home/aldo/catkin_ws/build/trucky_arduino/firmware/CMakeFiles/CMakeTmp'
/usr/bin/make -f CMakeFiles/cmTC_57c16.dir/build.make CMakeFiles/cmTC_57c16.dir/build
make[5]: Entering directory '/home/aldo/catkin_ws/build/trucky_arduino/firmware/CMakeFiles/CMakeTmp'
Building CXX object CMakeFiles/cmTC_57c16.dir/feature_tests.cxx.obj
/usr/bin/avr-g++    -g -Os       -mcall-prologues -ffunction-sections -fdata-sections -fno-exceptions    -std=c++14 -o CMakeFiles/cmTC_57c16.dir/feature_tests.cxx.obj -c /home/aldo/catkin_ws/build/trucky_arduino/firmware/CMakeFiles/feature_tests.cxx
Linking CXX executable cmTC_57c16
/usr/local/bin/cmake -E cmake_link_script CMakeFiles/cmTC_57c16.dir/link.txt --verbose=1
/usr/bin/avr-g++  -g -Os       -mcall-prologues -ffunction-sections -fdata-sections -fno-exceptions   -Wl,--gc-sections -lm  CMakeFiles/cmTC_57c16.dir/feature_tests.cxx.obj  -o cmTC_57c16 
make[5]: Leaving directory '/home/aldo/catkin_ws/build/trucky_arduino/firmware/CMakeFiles/CMakeTmp'
make[4]: Leaving directory '/home/aldo/catkin_ws/build/trucky_arduino/firmware/CMakeFiles/CMakeTmp'




Detecting CXX [-std=c++11] compiler features compiled with the following output:
Change Dir: /home/aldo/catkin_ws/build/trucky_arduino/firmware/CMakeFiles/CMakeTmp

Run Build Command:"/usr/bin/make" "cmTC_80287/fast"
make[4]: Entering directory '/home/aldo/catkin_ws/build/trucky_arduino/firmware/CMakeFiles/CMakeTmp'
/usr/bin/make -f CMakeFiles/cmTC_80287.dir/build.make CMakeFiles/cmTC_80287.dir/build
make[5]: Entering directory '/home/aldo/catkin_ws/build/trucky_arduino/firmware/CMakeFiles/CMakeTmp'
Building CXX object CMakeFiles/cmTC_80287.dir/feature_tests.cxx.obj
/usr/bin/avr-g++    -g -Os       -mcall-prologues -ffunction-sections -fdata-sections -fno-exceptions    -std=c++11 -o CMakeFiles/cmTC_80287.dir/feature_tests.cxx.obj -c /home/aldo/catkin_ws/build/trucky_arduino/firmware/CMakeFiles/feature_tests.cxx
Linking CXX executable cmTC_80287
/usr/local/bin/cmake -E cmake_link_script CMakeFiles/cmTC_80287.dir/link.txt --verbose=1
/usr/bin/avr-g++  -g -Os       -mcall-prologues -ffunction-sections -fdata-sections -fno-exceptions   -Wl,--gc-sections -lm  CMakeFiles/cmTC_80287.dir/feature_tests.cxx.obj  -o cmTC_80287 
make[5]: Leaving directory '/home/aldo/catkin_ws/build/trucky_arduino/firmware/CMakeFiles/CMakeTmp'
make[4]: Leaving directory '/home/aldo/catkin_ws/build/trucky_arduino/firmware/CMakeFiles/CMakeTmp'




Detecting CXX [-std=c++98] compiler features compiled with the following output:
Change Dir: /home/aldo/catkin_ws/build/trucky_arduino/firmware/CMakeFiles/CMakeTmp

Run Build Command:"/usr/bin/make" "cmTC_6f100/fast"
make[4]: Entering directory '/home/aldo/catkin_ws/build/trucky_arduino/firmware/CMakeFiles/CMakeTmp'
/usr/bin/make -f CMakeFiles/cmTC_6f100.dir/build.make CMakeFiles/cmTC_6f100.dir/build
make[5]: Entering directory '/home/aldo/catkin_ws/build/trucky_arduino/firmware/CMakeFiles/CMakeTmp'
Building CXX object CMakeFiles/cmTC_6f100.dir/feature_tests.cxx.obj
/usr/bin/avr-g++    -g -Os       -mcall-prologues -ffunction-sections -fdata-sections -fno-exceptions    -std=c++98 -o CMakeFiles/cmTC_6f100.dir/feature_tests.cxx.obj -c /home/aldo/catkin_ws/build/trucky_arduino/firmware/CMakeFiles/feature_tests.cxx
Linking CXX executable cmTC_6f100
/usr/local/bin/cmake -E cmake_link_script CMakeFiles/cmTC_6f100.dir/link.txt --verbose=1
/usr/bin/avr-g++  -g -Os       -mcall-prologues -ffunction-sections -fdata-sections -fno-exceptions   -Wl,--gc-sections -lm  CMakeFiles/cmTC_6f100.dir/feature_tests.cxx.obj  -o cmTC_6f100 
make[5]: Leaving directory '/home/aldo/catkin_ws/build/trucky_arduino/firmware/CMakeFiles/CMakeTmp'
make[4]: Leaving directory '/home/aldo/catkin_ws/build/trucky_arduino/firmware/CMakeFiles/CMakeTmp'


